<?xml version="1.0" encoding="UTF-8"?>
<!-- Generated by org.testng.reporters.JUnitXMLReporter -->
<testsuite hostname="DESKTOP-0K72I4M" ignored="2" name="login and changesTest" tests="2" failures="0" timestamp="2021-01-29T18:02:42 IST" time="40.782" errors="0">
  <testcase name="@BeforeMethod initialization" time="6.801" classname="AT.Base.BaseTest">
    <failure type="java.lang.NullPointerException">
      <![CDATA[java.lang.NullPointerException
at AT.Base.BaseTest.initialization(BaseTest.java:120)
at java.util.ArrayList.forEach(ArrayList.java:1259)
... Removed 31 stack frames]]>
    </failure>
  </testcase> <!-- @BeforeMethod initialization -->
  <testcase name="@AfterMethod extentFailure" time="-1.611923561107E9" classname="AT.Base.BaseTest">
    <skipped/>
  </testcase> <!-- @AfterMethod extentFailure -->
  <testcase name="loginWithValidCredentials" time="6.909" classname="FlipkartTest.LogInTest"/>
  <testcase name="User_Can_Change_His_Name_N_Surname" time="0.0" classname="FlipkartTest.PersonalInformationChangesTest">
    <skipped/>
  </testcase> <!-- User_Can_Change_His_Name_N_Surname -->
  <testcase name="@BeforeTest setup" time="0.0" classname="AT.Base.BaseTest">
    <ignored/>
  </testcase> <!-- @BeforeTest setup -->
  <testcase name="@AfterTest closeReport" time="0.0" classname="AT.Base.BaseTest">
    <ignored/>
  </testcase> <!-- @AfterTest closeReport -->
</testsuite> <!-- login and changesTest -->
