<?xml version="1.0" encoding="UTF-8"?>
<!-- Generated by org.testng.reporters.JUnitXMLReporter -->
<testsuite hostname="DESKTOP-0K72I4M" ignored="0" name="Registration Test" tests="1" failures="1" timestamp="2021-01-05T14:10:51 IST" time="45.891" errors="0">
  <testcase name="filled_Registration" time="25.589" classname="ninja.demo.Test.WebsiteRegistrationTest">
    <failure type="java.lang.AssertionError">
      <![CDATA[java.lang.AssertionError
at org.junit.Assert.fail(Assert.java:86)
at org.junit.Assert.assertTrue(Assert.java:41)
at org.junit.Assert.assertTrue(Assert.java:52)
at ninja.demo.Test.WebsiteRegistrationTest.filled_Registration(WebsiteRegistrationTest.java:75)
at java.util.ArrayList.forEach(ArrayList.java:1259)
... Removed 27 stack frames]]>
    </failure>
  </testcase> <!-- filled_Registration -->
</testsuite> <!-- Registration Test -->
